<?xml version="1.0" encoding="UTF-8"?>
<!-- Generated by org.testng.reporters.JUnitReportReporter -->
<testsuite hostname="Sri" name="testNG.EditLeads" tests="1" failures="0" timestamp="26 Mar 2017 14:45:47 GMT" time="25.003" errors="0">
  <testcase name="editLeads" time="25.003" classname="testNG.EditLeads"/>
</testsuite> <!-- testNG.EditLeads -->
