<?xml version="1.0" encoding="UTF-8"?>
<!-- Generated by org.testng.reporters.JUnitReportReporter -->
<testsuite hostname="Sri" name="testNG.Attributes.ThreadPoolSize" tests="7" failures="0" timestamp="26 Mar 2017 15:21:23 GMT" time="130.376" errors="0">
  <testcase name="createLead" time="21.025" classname="testNG.Attributes.ThreadPoolSize"/>
  <testcase name="createLead" time="18.902" classname="testNG.Attributes.ThreadPoolSize"/>
  <testcase name="createLead" time="12.587" classname="testNG.Attributes.ThreadPoolSize"/>
  <testcase name="createLead" time="19.258" classname="testNG.Attributes.ThreadPoolSize"/>
  <testcase name="createLead" time="20.655" classname="testNG.Attributes.ThreadPoolSize"/>
  <testcase name="createLead" time="19.240" classname="testNG.Attributes.ThreadPoolSize"/>
  <testcase name="createLead" time="18.709" classname="testNG.Attributes.ThreadPoolSize"/>
</testsuite> <!-- testNG.Attributes.ThreadPoolSize -->
