<?xml version="1.0" encoding="UTF-8"?>
<!-- Generated by org.testng.reporters.JUnitReportReporter -->
<testsuite hostname="Sri" name="testNG.CreateLead" tests="1" failures="0" timestamp="25 Mar 2017 14:17:56 GMT" time="17.658" errors="0">
  <testcase name="createLead" time="17.658" classname="testNG.CreateLead"/>
</testsuite> <!-- testNG.CreateLead -->
