<?xml version="1.0" encoding="UTF-8"?>
<!-- Generated by org.testng.reporters.JUnitReportReporter -->
<testsuite hostname="Sri" name="testNG.CreateLead" tests="7" failures="0" timestamp="26 Mar 2017 14:45:47 GMT" time="119.627" errors="0">
  <testcase name="createLead" time="16.125" classname="testNG.CreateLead"/>
  <testcase name="createLead" time="17.389" classname="testNG.CreateLead"/>
  <testcase name="createLead" time="16.671" classname="testNG.CreateLead"/>
  <testcase name="createLead" time="17.537" classname="testNG.CreateLead"/>
  <testcase name="createLead" time="17.714" classname="testNG.CreateLead"/>
  <testcase name="createLead" time="17.325" classname="testNG.CreateLead"/>
  <testcase name="createLead" time="16.866" classname="testNG.CreateLead"/>
</testsuite> <!-- testNG.CreateLead -->
