<?xml version="1.0" encoding="UTF-8"?>
<!-- Generated by org.testng.reporters.JUnitReportReporter -->
<testsuite hostname="Sri" name="testNG.Annotations1" tests="2" failures="0" timestamp="25 Mar 2017 14:31:16 GMT" time="0.001" errors="0">
  <testcase name="h" time="0.001" classname="testNG.Annotations1"/>
  <testcase name="z" time="0.000" classname="testNG.Annotations1"/>
</testsuite> <!-- testNG.Annotations1 -->
