<?xml version="1.0" encoding="UTF-8"?>
<!-- Generated by org.testng.reporters.JUnitReportReporter -->
<testsuite hostname="Sri" name="testNG.PriorityAttribute" tests="5" failures="0" timestamp="26 Mar 2017 14:59:51 GMT" time="0.005" errors="0">
  <testcase name="z" time="0.003" classname="testNG.PriorityAttribute"/>
  <testcase name="h" time="0.001" classname="testNG.PriorityAttribute"/>
  <testcase name="gg" time="0.001" classname="testNG.PriorityAttribute"/>
  <testcase name="h" time="0.000" classname="testNG.PriorityAttribute"/>
  <testcase name="h" time="0.000" classname="testNG.PriorityAttribute"/>
</testsuite> <!-- testNG.PriorityAttribute -->
