<?xml version="1.0" encoding="UTF-8"?>
<!-- Generated by org.testng.reporters.JUnitReportReporter -->
<testsuite hostname="Sri" name="testNG.Annotations3" tests="2" failures="0" timestamp="25 Mar 2017 14:31:16 GMT" time="0.004" errors="0">
  <testcase name="z" time="0.001" classname="testNG.Annotations3"/>
  <testcase name="h" time="0.003" classname="testNG.Annotations3"/>
</testsuite> <!-- testNG.Annotations3 -->
