<?xml version="1.0" encoding="UTF-8"?>
<!-- Generated by org.testng.reporters.JUnitReportReporter -->
<testsuite hostname="Sri" name="testNG.EditLeads" tests="1" failures="0" timestamp="25 Mar 2017 14:13:11 GMT" time="26.073" errors="0">
  <testcase name="editLeads" time="26.073" classname="testNG.EditLeads"/>
</testsuite> <!-- testNG.EditLeads -->
